/cad/XCELIUM1809/tools.lnx86/inca/bin/xmsim
Obtained 29 stack frames.
/cad/XCELIUM1809/tools.lnx86/inca/bin/../../lib/libcbreakpad.so(_Z13use_backtracev+0xa1) [0xf760609d]
/cad/XCELIUM1809/tools.lnx86/inca/bin/../../lib/libcbreakpad.so(cbpad_generate_dump_on_demand+0x84) [0xf76063d5]
xmsim() [0x8ee6322]
xmsim(serror+0x1a) [0x8ee6eba]
xmsim() [0x8ecdd3e]
[0xf77ee400]
xmsim() [0x80e416a]
xmsim() [0x8ecd182]
xmsim() [0x8ecdcc9]
[0xf77ee400]
[0xf77ee430]
/lib/libc.so.6(__select+0x2d) [0x4d041d]
xmsim() [0x930e925]
xmsim() [0x9318815]
xmsim() [0x9318cda]
xmsim() [0x931f984]
xmsim() [0x931fe9d]
xmsim() [0x9320077]
xmsim() [0x933759d]
xmsim() [0x93383bb]
xmsim() [0x9333256]
xmsim() [0x933343d]
xmsim() [0x9331064]
xmsim() [0x9331e78]
xmsim() [0x933faab]
xmsim() [0x933fee4]
xmsim() [0x939b906]
/lib/libc.so.6(__libc_start_main+0xe8) [0x40bd28]
xmsim() [0x8078689]
