============================================================
  Generated by:           Genus(TM) Synthesis Solution 17.13-s033_1
  Generated on:           Sep 08 2019  08:46:41 pm
  Module:                 mtm_Alu
  Library domain:         WC_tc
    Domain index:         0
    Technology library:   SUSLIB_UCL_SS 
    Operating conditions: worst 
  Interconnect mode:      global
  Area mode:              physical library
============================================================

Timing
--------

 Mode Clock  Period 
--------------------
WC_av _clk  20000.0 


        Cost   Critical       Violating 
 Mode  Group  Path Slack TNS    Paths   
----------------------------------------
WC_av    _clk     7933.0 0.0          0 
      default   No paths 0.0          0 
----------------------------------------
Total                    0.0          0 
                                        

Instance Count
--------------
Leaf Instance Count             898 
Physical Instance count           0 
Sequential Instance Count       178 
Combinational Instance Count    720 
Hierarchical Instance Count       5 

Area
----
Cell Area                          34795.008
Physical Cell Area                 0.000
Total Cell Area (Cell+Physical)    34795.008
Net Area                           12515.840
Total Area (Cell+Physical+Net)     47310.848

Max Fanout                         139 (clk)
Min Fanout                         0 (pout1[0])
Average Fanout                     2.2
Terms to net ratio                 3.5855
Terms to instance ratio            3.8530
Runtime                            14.992432 seconds
Elapsed Runtime                    16 seconds
Genus peak memory usage            654.62 
Innovus peak memory usage          no_value 
Hostname                           localhost
